<email-watch-config xmlns="http://vcgr.cs.virginia.edu/filesystems/email-watch">
	<connection xmlns="http://vcgr.cs.virginia.edu/filesystems/connect" isSSL="false">
		<smtp-server>mail.cs.virginia.edu</smtp-server>
		<port>25</port>
<!--
		<username>gbg</username>
		<password>Some password</password>
-->
		<debug-on>true</debug-on>
	</connection>
	<addressing-info xmlns="http://vcgr.cs.virginia.edu/filesystems/address-info">
		<addressTo>uvacse@virginia.edu</addressTo>
		<addressFrom>gbg@cs.virginia.edu</addressFrom>
	</addressing-info>
	<subject>Testing...</subject>
	<message>Filesystem "%s" is %.2f%% full</message>
</email-watch-config>